[1011/002333.798:ERROR:directory_reader_win.cc(43)] FindFirstFile: The system cannot find the path specified. (0x3)
[1011/084525.331:ERROR:directory_reader_win.cc(43)] FindFirstFile: The system cannot find the path specified. (0x3)
[1015/083323.968:ERROR:directory_reader_win.cc(43)] FindFirstFile: The system cannot find the path specified. (0x3)
[1025/221011.494:ERROR:directory_reader_win.cc(43)] FindFirstFile: The system cannot find the path specified. (0x3)
[1114/175110.735:ERROR:directory_reader_win.cc(43)] FindFirstFile: The system cannot find the path specified. (0x3)
[1115/002212.710:ERROR:process_reader_win.cc(151)] SuspendThread: Access is denied. (0x5)
[1115/002212.712:ERROR:process_reader_win.cc(151)] SuspendThread: Access is denied. (0x5)
[1115/002212.712:ERROR:process_reader_win.cc(151)] SuspendThread: Access is denied. (0x5)
[1115/002212.712:ERROR:process_reader_win.cc(151)] SuspendThread: Access is denied. (0x5)
[1115/002212.712:ERROR:process_reader_win.cc(151)] SuspendThread: Access is denied. (0x5)
[1115/002212.712:ERROR:process_reader_win.cc(151)] SuspendThread: Access is denied. (0x5)
[1115/002212.712:ERROR:process_reader_win.cc(151)] SuspendThread: Access is denied. (0x5)
[1115/002212.711:ERROR:process_reader_win.cc(123)] NtOpenThread: An invalid Client ID was specified. (0xc000000b)
[1115/002212.712:ERROR:process_reader_win.cc(123)] NtOpenThread: {Access Denied} A process has requested access to an object, but has not been granted those access rights. (0xc0000022)
[1115/002212.713:ERROR:exception_snapshot_win.cc(99)] thread ID 16760 not found in process
[1115/002212.713:ERROR:exception_snapshot_win.cc(99)] thread ID 5320 not found in process
[1115/002212.731:ERROR:process_reader_win.cc(151)] SuspendThread: Access is denied. (0x5)
[1115/002212.731:ERROR:process_reader_win.cc(151)] SuspendThread: Access is denied. (0x5)
[1115/002212.731:ERROR:process_reader_win.cc(151)] SuspendThread: Access is denied. (0x5)
[1115/002212.731:ERROR:process_reader_win.cc(151)] SuspendThread: Access is denied. (0x5)
[1115/002212.731:ERROR:process_reader_win.cc(151)] SuspendThread: Access is denied. (0x5)
[1115/002212.731:ERROR:process_reader_win.cc(151)] SuspendThread: Access is denied. (0x5)
[1115/002212.731:ERROR:process_reader_win.cc(151)] SuspendThread: Access is denied. (0x5)
[1115/002212.731:ERROR:process_reader_win.cc(151)] SuspendThread: Access is denied. (0x5)
[1115/002212.731:ERROR:process_reader_win.cc(151)] SuspendThread: Access is denied. (0x5)
[1115/002212.731:ERROR:process_reader_win.cc(123)] NtOpenThread: {Access Denied} A process has requested access to an object, but has not been granted those access rights. (0xc0000022)
[1115/002212.732:ERROR:exception_snapshot_win.cc(99)] thread ID 13680 not found in process
[1115/002212.736:ERROR:process_reader_win.cc(151)] SuspendThread: Access is denied. (0x5)
[1115/002212.736:ERROR:process_reader_win.cc(151)] SuspendThread: Access is denied. (0x5)
[1115/002212.736:ERROR:process_reader_win.cc(151)] SuspendThread: Access is denied. (0x5)
[1115/002212.736:ERROR:process_reader_win.cc(151)] SuspendThread: Access is denied. (0x5)
[1115/002212.736:ERROR:process_reader_win.cc(151)] SuspendThread: Access is denied. (0x5)
[1115/002212.736:ERROR:process_reader_win.cc(151)] SuspendThread: Access is denied. (0x5)
[1115/002212.736:ERROR:process_reader_win.cc(123)] NtOpenThread: {Access Denied} A process has requested access to an object, but has not been granted those access rights. (0xc0000022)
[1115/002212.736:ERROR:exception_snapshot_win.cc(99)] thread ID 9812 not found in process
[1115/002212.740:ERROR:process_reader_win.cc(151)] SuspendThread: Access is denied. (0x5)
[1115/002212.740:ERROR:process_reader_win.cc(151)] SuspendThread: Access is denied. (0x5)
[1115/002212.740:ERROR:process_reader_win.cc(151)] SuspendThread: Access is denied. (0x5)
[1115/002212.740:ERROR:process_reader_win.cc(151)] SuspendThread: Access is denied. (0x5)
[1115/002212.740:ERROR:process_reader_win.cc(151)] SuspendThread: Access is denied. (0x5)
[1115/002212.740:ERROR:process_reader_win.cc(151)] SuspendThread: Access is denied. (0x5)
[1115/002212.740:ERROR:process_reader_win.cc(151)] SuspendThread: Access is denied. (0x5)
[1115/002212.740:ERROR:process_reader_win.cc(151)] SuspendThread: Access is denied. (0x5)
[1115/002212.740:ERROR:process_reader_win.cc(123)] NtOpenThread: {Access Denied} A process has requested access to an object, but has not been granted those access rights. (0xc0000022)
[1115/002212.740:ERROR:exception_snapshot_win.cc(99)] thread ID 13396 not found in process
[1115/002212.745:ERROR:process_reader_win.cc(151)] SuspendThread: Access is denied. (0x5)
[1115/002212.745:ERROR:process_reader_win.cc(151)] SuspendThread: Access is denied. (0x5)
[1115/002212.745:ERROR:process_reader_win.cc(151)] SuspendThread: Access is denied. (0x5)
[1115/002212.745:ERROR:process_reader_win.cc(151)] SuspendThread: Access is denied. (0x5)
[1115/002212.745:ERROR:process_reader_win.cc(151)] SuspendThread: Access is denied. (0x5)
[1115/002212.745:ERROR:process_reader_win.cc(151)] SuspendThread: Access is denied. (0x5)
[1115/002212.745:ERROR:process_reader_win.cc(151)] SuspendThread: Access is denied. (0x5)
[1115/002212.746:ERROR:process_reader_win.cc(151)] SuspendThread: Access is denied. (0x5)
[1115/002212.746:ERROR:process_reader_win.cc(123)] NtOpenThread: {Access Denied} A process has requested access to an object, but has not been granted those access rights. (0xc0000022)
[1115/002212.746:ERROR:exception_snapshot_win.cc(99)] thread ID 12700 not found in process
[1115/002212.783:ERROR:process_reader_win.cc(123)] NtOpenThread: {Access Denied} A process has requested access to an object, but has not been granted those access rights. (0xc0000022)
[1115/002212.783:ERROR:exception_snapshot_win.cc(99)] thread ID 15452 not found in process
